c:\users\hs044327\documents\visual studio 2013\projects\insertion_sort\insertion_sort\debug\insertion_sort.pch.codeanalysis
c:\users\hs044327\documents\visual studio 2013\projects\insertion_sort\insertion_sort\debug\vc120.pdb
c:\users\hs044327\documents\visual studio 2013\projects\insertion_sort\insertion_sort\debug\vc120.idb
c:\users\hs044327\documents\visual studio 2013\projects\insertion_sort\insertion_sort\debug\insertion_sort.pch.codeanalysisast
c:\users\hs044327\documents\visual studio 2013\projects\insertion_sort\insertion_sort\debug\stdafx.nativecodeanalysis.xml
c:\users\hs044327\documents\visual studio 2013\projects\insertion_sort\insertion_sort\debug\stdafx.obj
c:\users\hs044327\documents\visual studio 2013\projects\insertion_sort\insertion_sort\debug\insertion_sort.nativecodeanalysis.xml
c:\users\hs044327\documents\visual studio 2013\projects\insertion_sort\insertion_sort\debug\insertion_sort.obj
c:\users\hs044327\documents\visual studio 2013\projects\insertion_sort\debug\insertion_sort.ilk
c:\users\hs044327\documents\visual studio 2013\projects\insertion_sort\debug\insertion_sort.exe
c:\users\hs044327\documents\visual studio 2013\projects\insertion_sort\debug\insertion_sort.pdb
c:\users\hs044327\documents\visual studio 2013\projects\insertion_sort\insertion_sort\debug\nativecodeanalysis.read.1.tlog
c:\users\hs044327\documents\visual studio 2013\projects\insertion_sort\insertion_sort\debug\vc.nativecodeanalysis.all.xml
c:\users\hs044327\documents\visual studio 2013\projects\insertion_sort\debug\insertion_sort.exe.lastcodeanalysissucceeded
c:\users\hs044327\documents\visual studio 2013\projects\insertion_sort\insertion_sort\debug\insertion_sort.tlog\cl.command.1.tlog
c:\users\hs044327\documents\visual studio 2013\projects\insertion_sort\insertion_sort\debug\insertion_sort.tlog\cl.read.1.tlog
c:\users\hs044327\documents\visual studio 2013\projects\insertion_sort\insertion_sort\debug\insertion_sort.tlog\cl.write.1.tlog
c:\users\hs044327\documents\visual studio 2013\projects\insertion_sort\insertion_sort\debug\insertion_sort.tlog\link.command.1.tlog
c:\users\hs044327\documents\visual studio 2013\projects\insertion_sort\insertion_sort\debug\insertion_sort.tlog\link.read.1.tlog
c:\users\hs044327\documents\visual studio 2013\projects\insertion_sort\insertion_sort\debug\insertion_sort.tlog\link.write.1.tlog
